---------------------------------------
Begin PBS Prologue Tue Apr 26 15:55:38 EDT 2022
Job ID:     371685.sched-coc-ice.pace.gatech.edu
User ID:    yma473
Job name:   claim_han
Queue:      coc-ice-gpu
End PBS Prologue Tue Apr 26 15:55:38 EDT 2022
---------------------------------------
Using backend: pytorch
/storage/home/hcocice1/yma473/.conda/envs/mumin_env/lib/python3.9/site-packages/sklearn/metrics/_classification.py:1318: UndefinedMetricWarning: Precision and F-score are ill-defined and being set to 0.0 in labels with no predicted samples. Use `zero_division` parameter to control this behavior.
  _warn_prf(average, modifier, msg_start, len(result))
/storage/home/hcocice1/yma473/.conda/envs/mumin_env/lib/python3.9/site-packages/sklearn/metrics/_classification.py:1318: UndefinedMetricWarning: Precision and F-score are ill-defined and being set to 0.0 in labels with no predicted samples. Use `zero_division` parameter to control this behavior.
  _warn_prf(average, modifier, msg_start, len(result))
/storage/home/hcocice1/yma473/.conda/envs/mumin_env/lib/python3.9/site-packages/sklearn/metrics/_classification.py:1318: UndefinedMetricWarning: Precision and F-score are ill-defined and being set to 0.0 in labels with no predicted samples. Use `zero_division` parameter to control this behavior.
  _warn_prf(average, modifier, msg_start, len(result))
/storage/home/hcocice1/yma473/.conda/envs/mumin_env/lib/python3.9/site-packages/sklearn/metrics/_classification.py:1318: UndefinedMetricWarning: Precision and F-score are ill-defined and being set to 0.0 in labels with no predicted samples. Use `zero_division` parameter to control this behavior.
  _warn_prf(average, modifier, msg_start, len(result))
/storage/home/hcocice1/yma473/.conda/envs/mumin_env/lib/python3.9/site-packages/sklearn/metrics/_classification.py:1318: UndefinedMetricWarning: Precision and F-score are ill-defined and being set to 0.0 in labels with no predicted samples. Use `zero_division` parameter to control this behavior.
  _warn_prf(average, modifier, msg_start, len(result))
/storage/home/hcocice1/yma473/.conda/envs/mumin_env/lib/python3.9/site-packages/sklearn/metrics/_classification.py:1318: UndefinedMetricWarning: Precision and F-score are ill-defined and being set to 0.0 in labels with no predicted samples. Use `zero_division` parameter to control this behavior.
  _warn_prf(average, modifier, msg_start, len(result))
/storage/home/hcocice1/yma473/.conda/envs/mumin_env/lib/python3.9/site-packages/sklearn/metrics/_classification.py:1318: UndefinedMetricWarning: Precision and F-score are ill-defined and being set to 0.0 in labels with no predicted samples. Use `zero_division` parameter to control this behavior.
  _warn_prf(average, modifier, msg_start, len(result))
/storage/home/hcocice1/yma473/.conda/envs/mumin_env/lib/python3.9/site-packages/sklearn/metrics/_classification.py:1318: UndefinedMetricWarning: Precision and F-score are ill-defined and being set to 0.0 in labels with no predicted samples. Use `zero_division` parameter to control this behavior.
  _warn_prf(average, modifier, msg_start, len(result))
/storage/home/hcocice1/yma473/.conda/envs/mumin_env/lib/python3.9/site-packages/sklearn/metrics/_classification.py:1318: UndefinedMetricWarning: Precision and F-score are ill-defined and being set to 0.0 in labels with no predicted samples. Use `zero_division` parameter to control this behavior.
  _warn_prf(average, modifier, msg_start, len(result))
/storage/home/hcocice1/yma473/.conda/envs/mumin_env/lib/python3.9/site-packages/sklearn/metrics/_classification.py:1318: UndefinedMetricWarning: Precision and F-score are ill-defined and being set to 0.0 in labels with no predicted samples. Use `zero_division` parameter to control this behavior.
  _warn_prf(average, modifier, msg_start, len(result))
/storage/home/hcocice1/yma473/.conda/envs/mumin_env/lib/python3.9/site-packages/sklearn/metrics/_classification.py:1318: UndefinedMetricWarning: Precision and F-score are ill-defined and being set to 0.0 in labels with no predicted samples. Use `zero_division` parameter to control this behavior.
  _warn_prf(average, modifier, msg_start, len(result))
/storage/home/hcocice1/yma473/.conda/envs/mumin_env/lib/python3.9/site-packages/sklearn/metrics/_classification.py:1318: UndefinedMetricWarning: Precision and F-score are ill-defined and being set to 0.0 in labels with no predicted samples. Use `zero_division` parameter to control this behavior.
  _warn_prf(average, modifier, msg_start, len(result))
/storage/home/hcocice1/yma473/.conda/envs/mumin_env/lib/python3.9/site-packages/sklearn/metrics/_classification.py:1318: UndefinedMetricWarning: Precision and F-score are ill-defined and being set to 0.0 in labels with no predicted samples. Use `zero_division` parameter to control this behavior.
  _warn_prf(average, modifier, msg_start, len(result))
/storage/home/hcocice1/yma473/.conda/envs/mumin_env/lib/python3.9/site-packages/sklearn/metrics/_classification.py:1318: UndefinedMetricWarning: Precision and F-score are ill-defined and being set to 0.0 in labels with no predicted samples. Use `zero_division` parameter to control this behavior.
  _warn_prf(average, modifier, msg_start, len(result))
/storage/home/hcocice1/yma473/.conda/envs/mumin_env/lib/python3.9/site-packages/sklearn/metrics/_classification.py:1318: UndefinedMetricWarning: Precision and F-score are ill-defined and being set to 0.0 in labels with no predicted samples. Use `zero_division` parameter to control this behavior.
  _warn_prf(average, modifier, msg_start, len(result))
/storage/home/hcocice1/yma473/.conda/envs/mumin_env/lib/python3.9/site-packages/sklearn/metrics/_classification.py:1318: UndefinedMetricWarning: Precision and F-score are ill-defined and being set to 0.0 in labels with no predicted samples. Use `zero_division` parameter to control this behavior.
  _warn_prf(average, modifier, msg_start, len(result))
/storage/home/hcocice1/yma473/.conda/envs/mumin_env/lib/python3.9/site-packages/sklearn/metrics/_classification.py:1318: UndefinedMetricWarning: Precision and F-score are ill-defined and being set to 0.0 in labels with no predicted samples. Use `zero_division` parameter to control this behavior.
  _warn_prf(average, modifier, msg_start, len(result))
/storage/home/hcocice1/yma473/.conda/envs/mumin_env/lib/python3.9/site-packages/sklearn/metrics/_classification.py:1318: UndefinedMetricWarning: Precision and F-score are ill-defined and being set to 0.0 in labels with no predicted samples. Use `zero_division` parameter to control this behavior.
  _warn_prf(average, modifier, msg_start, len(result))
/storage/home/hcocice1/yma473/.conda/envs/mumin_env/lib/python3.9/site-packages/sklearn/metrics/_classification.py:1318: UndefinedMetricWarning: Precision and F-score are ill-defined and being set to 0.0 in labels with no predicted samples. Use `zero_division` parameter to control this behavior.
  _warn_prf(average, modifier, msg_start, len(result))
/storage/home/hcocice1/yma473/.conda/envs/mumin_env/lib/python3.9/site-packages/sklearn/metrics/_classification.py:1318: UndefinedMetricWarning: Precision and F-score are ill-defined and being set to 0.0 in labels with no predicted samples. Use `zero_division` parameter to control this behavior.
  _warn_prf(average, modifier, msg_start, len(result))
/storage/home/hcocice1/yma473/.conda/envs/mumin_env/lib/python3.9/site-packages/sklearn/metrics/_classification.py:1318: UndefinedMetricWarning: Precision and F-score are ill-defined and being set to 0.0 in labels with no predicted samples. Use `zero_division` parameter to control this behavior.
  _warn_prf(average, modifier, msg_start, len(result))
/storage/home/hcocice1/yma473/.conda/envs/mumin_env/lib/python3.9/site-packages/sklearn/metrics/_classification.py:1318: UndefinedMetricWarning: Precision and F-score are ill-defined and being set to 0.0 in labels with no predicted samples. Use `zero_division` parameter to control this behavior.
  _warn_prf(average, modifier, msg_start, len(result))
/storage/home/hcocice1/yma473/.conda/envs/mumin_env/lib/python3.9/site-packages/sklearn/metrics/_classification.py:1318: UndefinedMetricWarning: Precision and F-score are ill-defined and being set to 0.0 in labels with no predicted samples. Use `zero_division` parameter to control this behavior.
  _warn_prf(average, modifier, msg_start, len(result))
/storage/home/hcocice1/yma473/.conda/envs/mumin_env/lib/python3.9/site-packages/sklearn/metrics/_classification.py:1318: UndefinedMetricWarning: Precision and F-score are ill-defined and being set to 0.0 in labels with no predicted samples. Use `zero_division` parameter to control this behavior.
  _warn_prf(average, modifier, msg_start, len(result))
/storage/home/hcocice1/yma473/.conda/envs/mumin_env/lib/python3.9/site-packages/sklearn/metrics/_classification.py:1318: UndefinedMetricWarning: Precision and F-score are ill-defined and being set to 0.0 in labels with no predicted samples. Use `zero_division` parameter to control this behavior.
  _warn_prf(average, modifier, msg_start, len(result))
/storage/home/hcocice1/yma473/.conda/envs/mumin_env/lib/python3.9/site-packages/sklearn/metrics/_classification.py:1318: UndefinedMetricWarning: Precision and F-score are ill-defined and being set to 0.0 in labels with no predicted samples. Use `zero_division` parameter to control this behavior.
  _warn_prf(average, modifier, msg_start, len(result))
/storage/home/hcocice1/yma473/.conda/envs/mumin_env/lib/python3.9/site-packages/sklearn/metrics/_classification.py:1318: UndefinedMetricWarning: Precision and F-score are ill-defined and being set to 0.0 in labels with no predicted samples. Use `zero_division` parameter to control this behavior.
  _warn_prf(average, modifier, msg_start, len(result))
/storage/home/hcocice1/yma473/.conda/envs/mumin_env/lib/python3.9/site-packages/sklearn/metrics/_classification.py:1318: UndefinedMetricWarning: Precision and F-score are ill-defined and being set to 0.0 in labels with no predicted samples. Use `zero_division` parameter to control this behavior.
  _warn_prf(average, modifier, msg_start, len(result))
/storage/home/hcocice1/yma473/.conda/envs/mumin_env/lib/python3.9/site-packages/sklearn/metrics/_classification.py:1318: UndefinedMetricWarning: Precision and F-score are ill-defined and being set to 0.0 in labels with no predicted samples. Use `zero_division` parameter to control this behavior.
  _warn_prf(average, modifier, msg_start, len(result))
/storage/home/hcocice1/yma473/.conda/envs/mumin_env/lib/python3.9/site-packages/sklearn/metrics/_classification.py:1318: UndefinedMetricWarning: Precision and F-score are ill-defined and being set to 0.0 in labels with no predicted samples. Use `zero_division` parameter to control this behavior.
  _warn_prf(average, modifier, msg_start, len(result))
/storage/home/hcocice1/yma473/.conda/envs/mumin_env/lib/python3.9/site-packages/sklearn/metrics/_classification.py:1318: UndefinedMetricWarning: Precision and F-score are ill-defined and being set to 0.0 in labels with no predicted samples. Use `zero_division` parameter to control this behavior.
  _warn_prf(average, modifier, msg_start, len(result))
/storage/home/hcocice1/yma473/.conda/envs/mumin_env/lib/python3.9/site-packages/sklearn/metrics/_classification.py:1318: UndefinedMetricWarning: Precision and F-score are ill-defined and being set to 0.0 in labels with no predicted samples. Use `zero_division` parameter to control this behavior.
  _warn_prf(average, modifier, msg_start, len(result))
/storage/home/hcocice1/yma473/.conda/envs/mumin_env/lib/python3.9/site-packages/sklearn/metrics/_classification.py:1318: UndefinedMetricWarning: Precision and F-score are ill-defined and being set to 0.0 in labels with no predicted samples. Use `zero_division` parameter to control this behavior.
  _warn_prf(average, modifier, msg_start, len(result))
/storage/home/hcocice1/yma473/.conda/envs/mumin_env/lib/python3.9/site-packages/sklearn/metrics/_classification.py:1318: UndefinedMetricWarning: Precision and F-score are ill-defined and being set to 0.0 in labels with no predicted samples. Use `zero_division` parameter to control this behavior.
  _warn_prf(average, modifier, msg_start, len(result))
/storage/home/hcocice1/yma473/.conda/envs/mumin_env/lib/python3.9/site-packages/sklearn/metrics/_classification.py:1318: UndefinedMetricWarning: Precision and F-score are ill-defined and being set to 0.0 in labels with no predicted samples. Use `zero_division` parameter to control this behavior.
  _warn_prf(average, modifier, msg_start, len(result))
/storage/home/hcocice1/yma473/.conda/envs/mumin_env/lib/python3.9/site-packages/sklearn/metrics/_classification.py:1318: UndefinedMetricWarning: Precision and F-score are ill-defined and being set to 0.0 in labels with no predicted samples. Use `zero_division` parameter to control this behavior.
  _warn_prf(average, modifier, msg_start, len(result))
/storage/home/hcocice1/yma473/.conda/envs/mumin_env/lib/python3.9/site-packages/sklearn/metrics/_classification.py:1318: UndefinedMetricWarning: Precision and F-score are ill-defined and being set to 0.0 in labels with no predicted samples. Use `zero_division` parameter to control this behavior.
  _warn_prf(average, modifier, msg_start, len(result))
/storage/home/hcocice1/yma473/.conda/envs/mumin_env/lib/python3.9/site-packages/sklearn/metrics/_classification.py:1318: UndefinedMetricWarning: Precision and F-score are ill-defined and being set to 0.0 in labels with no predicted samples. Use `zero_division` parameter to control this behavior.
  _warn_prf(average, modifier, msg_start, len(result))
/storage/home/hcocice1/yma473/.conda/envs/mumin_env/lib/python3.9/site-packages/sklearn/metrics/_classification.py:1318: UndefinedMetricWarning: Precision and F-score are ill-defined and being set to 0.0 in labels with no predicted samples. Use `zero_division` parameter to control this behavior.
  _warn_prf(average, modifier, msg_start, len(result))
/storage/home/hcocice1/yma473/.conda/envs/mumin_env/lib/python3.9/site-packages/sklearn/metrics/_classification.py:1318: UndefinedMetricWarning: Precision and F-score are ill-defined and being set to 0.0 in labels with no predicted samples. Use `zero_division` parameter to control this behavior.
  _warn_prf(average, modifier, msg_start, len(result))
/storage/home/hcocice1/yma473/.conda/envs/mumin_env/lib/python3.9/site-packages/sklearn/metrics/_classification.py:1318: UndefinedMetricWarning: Precision and F-score are ill-defined and being set to 0.0 in labels with no predicted samples. Use `zero_division` parameter to control this behavior.
  _warn_prf(average, modifier, msg_start, len(result))
/storage/home/hcocice1/yma473/.conda/envs/mumin_env/lib/python3.9/site-packages/sklearn/metrics/_classification.py:1318: UndefinedMetricWarning: Precision and F-score are ill-defined and being set to 0.0 in labels with no predicted samples. Use `zero_division` parameter to control this behavior.
  _warn_prf(average, modifier, msg_start, len(result))
/storage/home/hcocice1/yma473/.conda/envs/mumin_env/lib/python3.9/site-packages/sklearn/metrics/_classification.py:1318: UndefinedMetricWarning: Precision and F-score are ill-defined and being set to 0.0 in labels with no predicted samples. Use `zero_division` parameter to control this behavior.
  _warn_prf(average, modifier, msg_start, len(result))
Claim feature shape torch.Size([2100, 870])
Created directory results/ACM_2022-04-26_15-55-45
{'seed': 1, 'log_dir': 'results/ACM_2022-04-26_15-55-45', 'hetero': True, 'lr': 0.001, 'num_heads': [8], 'hidden_units': 512, 'dropout': 0.4, 'weight_decay': 0.001, 'num_epochs': 400, 'patience': 50, 'dataset': 'mumin_small', 'device': 'cuda:0', 'proj_size': 512, 'task': 'claim'}
Claim feature shape torch.Size([2100, 870])
{'article': 1536, 'claim': 870, 'reply': 826, 'tweet': 812, 'user': 774}
Epoch 1 | Train Loss 0.6859 | Train Micro f1 0.8286 | Train Macro f1 0.5203 | Train f1 factual 0.1358 | Train f1 misinfo 0.9049 | Val Loss 0.5832 | Val Micro f1 0.9706 | Val Macro f1 0.4925 | Val f1 factual 0.0000 | Val f1 misinfo 0.9851
Epoch 2 | Train Loss 0.5890 | Train Micro f1 0.9168 | Train Macro f1 0.4783 | Train f1 factual 0.0000 | Train f1 misinfo 0.9566 | Val Loss 0.4885 | Val Micro f1 0.9706 | Val Macro f1 0.4925 | Val f1 factual 0.0000 | Val f1 misinfo 0.9851
Epoch 3 | Train Loss 0.5020 | Train Micro f1 0.9168 | Train Macro f1 0.4783 | Train f1 factual 0.0000 | Train f1 misinfo 0.9566 | Val Loss 0.3929 | Val Micro f1 0.9706 | Val Macro f1 0.4925 | Val f1 factual 0.0000 | Val f1 misinfo 0.9851
Epoch 4 | Train Loss 0.4225 | Train Micro f1 0.9168 | Train Macro f1 0.4783 | Train f1 factual 0.0000 | Train f1 misinfo 0.9566 | Val Loss 0.2982 | Val Micro f1 0.9706 | Val Macro f1 0.4925 | Val f1 factual 0.0000 | Val f1 misinfo 0.9851
Epoch 5 | Train Loss 0.3463 | Train Micro f1 0.9168 | Train Macro f1 0.4783 | Train f1 factual 0.0000 | Train f1 misinfo 0.9566 | Val Loss 0.2158 | Val Micro f1 0.9706 | Val Macro f1 0.4925 | Val f1 factual 0.0000 | Val f1 misinfo 0.9851
Epoch 6 | Train Loss 0.2965 | Train Micro f1 0.9168 | Train Macro f1 0.4783 | Train f1 factual 0.0000 | Train f1 misinfo 0.9566 | Val Loss 0.1632 | Val Micro f1 0.9706 | Val Macro f1 0.4925 | Val f1 factual 0.0000 | Val f1 misinfo 0.9851
Epoch 7 | Train Loss 0.2814 | Train Micro f1 0.9168 | Train Macro f1 0.4783 | Train f1 factual 0.0000 | Train f1 misinfo 0.9566 | Val Loss 0.1409 | Val Micro f1 0.9706 | Val Macro f1 0.4925 | Val f1 factual 0.0000 | Val f1 misinfo 0.9851
Epoch 8 | Train Loss 0.2916 | Train Micro f1 0.9168 | Train Macro f1 0.4783 | Train f1 factual 0.0000 | Train f1 misinfo 0.9566 | Val Loss 0.1337 | Val Micro f1 0.9706 | Val Macro f1 0.4925 | Val f1 factual 0.0000 | Val f1 misinfo 0.9851
Epoch 9 | Train Loss 0.3051 | Train Micro f1 0.9168 | Train Macro f1 0.4783 | Train f1 factual 0.0000 | Train f1 misinfo 0.9566 | Val Loss 0.1315 | Val Micro f1 0.9706 | Val Macro f1 0.4925 | Val f1 factual 0.0000 | Val f1 misinfo 0.9851
Epoch 10 | Train Loss 0.3129 | Train Micro f1 0.9168 | Train Macro f1 0.4783 | Train f1 factual 0.0000 | Train f1 misinfo 0.9566 | Val Loss 0.1314 | Val Micro f1 0.9706 | Val Macro f1 0.4925 | Val f1 factual 0.0000 | Val f1 misinfo 0.9851
Epoch 11 | Train Loss 0.3041 | Train Micro f1 0.9168 | Train Macro f1 0.4783 | Train f1 factual 0.0000 | Train f1 misinfo 0.9566 | Val Loss 0.1338 | Val Micro f1 0.9706 | Val Macro f1 0.4925 | Val f1 factual 0.0000 | Val f1 misinfo 0.9851
Epoch 12 | Train Loss 0.2898 | Train Micro f1 0.9168 | Train Macro f1 0.4783 | Train f1 factual 0.0000 | Train f1 misinfo 0.9566 | Val Loss 0.1406 | Val Micro f1 0.9706 | Val Macro f1 0.4925 | Val f1 factual 0.0000 | Val f1 misinfo 0.9851
Epoch 13 | Train Loss 0.2793 | Train Micro f1 0.9168 | Train Macro f1 0.4783 | Train f1 factual 0.0000 | Train f1 misinfo 0.9566 | Val Loss 0.1532 | Val Micro f1 0.9706 | Val Macro f1 0.4925 | Val f1 factual 0.0000 | Val f1 misinfo 0.9851
Epoch 14 | Train Loss 0.2686 | Train Micro f1 0.9168 | Train Macro f1 0.4783 | Train f1 factual 0.0000 | Train f1 misinfo 0.9566 | Val Loss 0.1711 | Val Micro f1 0.9706 | Val Macro f1 0.4925 | Val f1 factual 0.0000 | Val f1 misinfo 0.9851
Epoch 15 | Train Loss 0.2668 | Train Micro f1 0.9168 | Train Macro f1 0.4783 | Train f1 factual 0.0000 | Train f1 misinfo 0.9566 | Val Loss 0.1917 | Val Micro f1 0.9706 | Val Macro f1 0.4925 | Val f1 factual 0.0000 | Val f1 misinfo 0.9851
Epoch 16 | Train Loss 0.2660 | Train Micro f1 0.9168 | Train Macro f1 0.4783 | Train f1 factual 0.0000 | Train f1 misinfo 0.9566 | Val Loss 0.2099 | Val Micro f1 0.9706 | Val Macro f1 0.4925 | Val f1 factual 0.0000 | Val f1 misinfo 0.9851
Epoch 17 | Train Loss 0.2726 | Train Micro f1 0.9168 | Train Macro f1 0.4783 | Train f1 factual 0.0000 | Train f1 misinfo 0.9566 | Val Loss 0.2222 | Val Micro f1 0.9706 | Val Macro f1 0.4925 | Val f1 factual 0.0000 | Val f1 misinfo 0.9851
Epoch 18 | Train Loss 0.2759 | Train Micro f1 0.9168 | Train Macro f1 0.4783 | Train f1 factual 0.0000 | Train f1 misinfo 0.9566 | Val Loss 0.2266 | Val Micro f1 0.9706 | Val Macro f1 0.4925 | Val f1 factual 0.0000 | Val f1 misinfo 0.9851
EarlyStopping counter: 1 out of 50
Epoch 19 | Train Loss 0.2725 | Train Micro f1 0.9168 | Train Macro f1 0.4783 | Train f1 factual 0.0000 | Train f1 misinfo 0.9566 | Val Loss 0.2230 | Val Micro f1 0.9664 | Val Macro f1 0.4915 | Val f1 factual 0.0000 | Val f1 misinfo 0.9829
EarlyStopping counter: 2 out of 50
Epoch 20 | Train Loss 0.2677 | Train Micro f1 0.9168 | Train Macro f1 0.4783 | Train f1 factual 0.0000 | Train f1 misinfo 0.9566 | Val Loss 0.2125 | Val Micro f1 0.9664 | Val Macro f1 0.4915 | Val f1 factual 0.0000 | Val f1 misinfo 0.9829
EarlyStopping counter: 3 out of 50
Epoch 21 | Train Loss 0.2602 | Train Micro f1 0.9168 | Train Macro f1 0.4783 | Train f1 factual 0.0000 | Train f1 misinfo 0.9566 | Val Loss 0.1978 | Val Micro f1 0.9664 | Val Macro f1 0.4915 | Val f1 factual 0.0000 | Val f1 misinfo 0.9829
EarlyStopping counter: 4 out of 50
Epoch 22 | Train Loss 0.2500 | Train Micro f1 0.9168 | Train Macro f1 0.4783 | Train f1 factual 0.0000 | Train f1 misinfo 0.9566 | Val Loss 0.1824 | Val Micro f1 0.9664 | Val Macro f1 0.4915 | Val f1 factual 0.0000 | Val f1 misinfo 0.9829
EarlyStopping counter: 5 out of 50
Epoch 23 | Train Loss 0.2425 | Train Micro f1 0.9168 | Train Macro f1 0.4783 | Train f1 factual 0.0000 | Train f1 misinfo 0.9566 | Val Loss 0.1690 | Val Micro f1 0.9664 | Val Macro f1 0.4915 | Val f1 factual 0.0000 | Val f1 misinfo 0.9829
EarlyStopping counter: 6 out of 50
Epoch 24 | Train Loss 0.2407 | Train Micro f1 0.9168 | Train Macro f1 0.4783 | Train f1 factual 0.0000 | Train f1 misinfo 0.9566 | Val Loss 0.1594 | Val Micro f1 0.9664 | Val Macro f1 0.4915 | Val f1 factual 0.0000 | Val f1 misinfo 0.9829
EarlyStopping counter: 7 out of 50
Epoch 25 | Train Loss 0.2432 | Train Micro f1 0.9168 | Train Macro f1 0.4783 | Train f1 factual 0.0000 | Train f1 misinfo 0.9566 | Val Loss 0.1541 | Val Micro f1 0.9664 | Val Macro f1 0.4915 | Val f1 factual 0.0000 | Val f1 misinfo 0.9829
EarlyStopping counter: 8 out of 50
Epoch 26 | Train Loss 0.2358 | Train Micro f1 0.9174 | Train Macro f1 0.4857 | Train f1 factual 0.0146 | Train f1 misinfo 0.9569 | Val Loss 0.1529 | Val Micro f1 0.9664 | Val Macro f1 0.4915 | Val f1 factual 0.0000 | Val f1 misinfo 0.9829
EarlyStopping counter: 9 out of 50
Epoch 27 | Train Loss 0.2373 | Train Micro f1 0.9174 | Train Macro f1 0.4857 | Train f1 factual 0.0146 | Train f1 misinfo 0.9569 | Val Loss 0.1553 | Val Micro f1 0.9664 | Val Macro f1 0.4915 | Val f1 factual 0.0000 | Val f1 misinfo 0.9829
Epoch 28 | Train Loss 0.2332 | Train Micro f1 0.9174 | Train Macro f1 0.4857 | Train f1 factual 0.0146 | Train f1 misinfo 0.9569 | Val Loss 0.1619 | Val Micro f1 0.9706 | Val Macro f1 0.6036 | Val f1 factual 0.2222 | Val f1 misinfo 0.9850
Epoch 29 | Train Loss 0.2305 | Train Micro f1 0.9174 | Train Macro f1 0.4857 | Train f1 factual 0.0146 | Train f1 misinfo 0.9569 | Val Loss 0.1726 | Val Micro f1 0.9706 | Val Macro f1 0.6036 | Val f1 factual 0.2222 | Val f1 misinfo 0.9850
EarlyStopping counter: 1 out of 50
Epoch 30 | Train Loss 0.2247 | Train Micro f1 0.9186 | Train Macro f1 0.5003 | Train f1 factual 0.0432 | Train f1 misinfo 0.9575 | Val Loss 0.1872 | Val Micro f1 0.9580 | Val Macro f1 0.5726 | Val f1 factual 0.1667 | Val f1 misinfo 0.9784
EarlyStopping counter: 2 out of 50
Epoch 31 | Train Loss 0.2230 | Train Micro f1 0.9192 | Train Macro f1 0.5075 | Train f1 factual 0.0571 | Train f1 misinfo 0.9578 | Val Loss 0.2039 | Val Micro f1 0.9580 | Val Macro f1 0.5726 | Val f1 factual 0.1667 | Val f1 misinfo 0.9784
EarlyStopping counter: 3 out of 50
Epoch 32 | Train Loss 0.2221 | Train Micro f1 0.9192 | Train Macro f1 0.5329 | Train f1 factual 0.1081 | Train f1 misinfo 0.9577 | Val Loss 0.2179 | Val Micro f1 0.9580 | Val Macro f1 0.5726 | Val f1 factual 0.1667 | Val f1 misinfo 0.9784
EarlyStopping counter: 4 out of 50
Epoch 33 | Train Loss 0.2217 | Train Micro f1 0.9253 | Train Macro f1 0.5843 | Train f1 factual 0.2078 | Train f1 misinfo 0.9608 | Val Loss 0.2242 | Val Micro f1 0.9580 | Val Macro f1 0.5726 | Val f1 factual 0.1667 | Val f1 misinfo 0.9784
EarlyStopping counter: 5 out of 50
Epoch 34 | Train Loss 0.2198 | Train Micro f1 0.9223 | Train Macro f1 0.5852 | Train f1 factual 0.2112 | Train f1 misinfo 0.9591 | Val Loss 0.2186 | Val Micro f1 0.9580 | Val Macro f1 0.5726 | Val f1 factual 0.1667 | Val f1 misinfo 0.9784
EarlyStopping counter: 6 out of 50
Epoch 35 | Train Loss 0.2142 | Train Micro f1 0.9253 | Train Macro f1 0.6038 | Train f1 factual 0.2469 | Train f1 misinfo 0.9607 | Val Loss 0.2060 | Val Micro f1 0.9580 | Val Macro f1 0.5726 | Val f1 factual 0.1667 | Val f1 misinfo 0.9784
EarlyStopping counter: 7 out of 50
Epoch 36 | Train Loss 0.2084 | Train Micro f1 0.9235 | Train Macro f1 0.5548 | Train f1 factual 0.1497 | Train f1 misinfo 0.9599 | Val Loss 0.1913 | Val Micro f1 0.9580 | Val Macro f1 0.5726 | Val f1 factual 0.1667 | Val f1 misinfo 0.9784
EarlyStopping counter: 8 out of 50
Epoch 37 | Train Loss 0.2096 | Train Micro f1 0.9235 | Train Macro f1 0.5660 | Train f1 factual 0.1722 | Train f1 misinfo 0.9599 | Val Loss 0.1805 | Val Micro f1 0.9622 | Val Macro f1 0.5812 | Val f1 factual 0.1818 | Val f1 misinfo 0.9806
EarlyStopping counter: 9 out of 50
Epoch 38 | Train Loss 0.2042 | Train Micro f1 0.9229 | Train Macro f1 0.5598 | Train f1 factual 0.1600 | Train f1 misinfo 0.9596 | Val Loss 0.1746 | Val Micro f1 0.9622 | Val Macro f1 0.5812 | Val f1 factual 0.1818 | Val f1 misinfo 0.9806
EarlyStopping counter: 10 out of 50
Epoch 39 | Train Loss 0.2020 | Train Micro f1 0.9217 | Train Macro f1 0.5411 | Train f1 factual 0.1233 | Train f1 misinfo 0.9590 | Val Loss 0.1754 | Val Micro f1 0.9622 | Val Macro f1 0.5812 | Val f1 factual 0.1818 | Val f1 misinfo 0.9806
EarlyStopping counter: 11 out of 50
Epoch 40 | Train Loss 0.2000 | Train Micro f1 0.9229 | Train Macro f1 0.5541 | Train f1 factual 0.1486 | Train f1 misinfo 0.9596 | Val Loss 0.1829 | Val Micro f1 0.9622 | Val Macro f1 0.5812 | Val f1 factual 0.1818 | Val f1 misinfo 0.9806
EarlyStopping counter: 12 out of 50
Epoch 41 | Train Loss 0.1957 | Train Micro f1 0.9259 | Train Macro f1 0.5952 | Train f1 factual 0.2293 | Train f1 misinfo 0.9611 | Val Loss 0.1958 | Val Micro f1 0.9622 | Val Macro f1 0.5812 | Val f1 factual 0.1818 | Val f1 misinfo 0.9806
EarlyStopping counter: 13 out of 50
Epoch 42 | Train Loss 0.1925 | Train Micro f1 0.9241 | Train Macro f1 0.5877 | Train f1 factual 0.2152 | Train f1 misinfo 0.9601 | Val Loss 0.2119 | Val Micro f1 0.9580 | Val Macro f1 0.5726 | Val f1 factual 0.1667 | Val f1 misinfo 0.9784
EarlyStopping counter: 14 out of 50
Epoch 43 | Train Loss 0.1950 | Train Micro f1 0.9272 | Train Macro f1 0.6113 | Train f1 factual 0.2609 | Train f1 misinfo 0.9617 | Val Loss 0.2232 | Val Micro f1 0.9580 | Val Macro f1 0.5726 | Val f1 factual 0.1667 | Val f1 misinfo 0.9784
EarlyStopping counter: 15 out of 50
Epoch 44 | Train Loss 0.1919 | Train Micro f1 0.9296 | Train Macro f1 0.6491 | Train f1 factual 0.3353 | Train f1 misinfo 0.9628 | Val Loss 0.2225 | Val Micro f1 0.9580 | Val Macro f1 0.5726 | Val f1 factual 0.1667 | Val f1 misinfo 0.9784
EarlyStopping counter: 16 out of 50
Epoch 45 | Train Loss 0.1839 | Train Micro f1 0.9321 | Train Macro f1 0.6820 | Train f1 factual 0.4000 | Train f1 misinfo 0.9640 | Val Loss 0.2080 | Val Micro f1 0.9580 | Val Macro f1 0.5726 | Val f1 factual 0.1667 | Val f1 misinfo 0.9784
EarlyStopping counter: 17 out of 50
Epoch 46 | Train Loss 0.1878 | Train Micro f1 0.9290 | Train Macro f1 0.6517 | Train f1 factual 0.3409 | Train f1 misinfo 0.9625 | Val Loss 0.1898 | Val Micro f1 0.9622 | Val Macro f1 0.5812 | Val f1 factual 0.1818 | Val f1 misinfo 0.9806
EarlyStopping counter: 18 out of 50
Epoch 47 | Train Loss 0.1843 | Train Micro f1 0.9266 | Train Macro f1 0.6148 | Train f1 factual 0.2683 | Train f1 misinfo 0.9613 | Val Loss 0.1780 | Val Micro f1 0.9622 | Val Macro f1 0.5812 | Val f1 factual 0.1818 | Val f1 misinfo 0.9806
EarlyStopping counter: 19 out of 50
Epoch 48 | Train Loss 0.1863 | Train Micro f1 0.9296 | Train Macro f1 0.6412 | Train f1 factual 0.3195 | Train f1 misinfo 0.9629 | Val Loss 0.1745 | Val Micro f1 0.9664 | Val Macro f1 0.5914 | Val f1 factual 0.2000 | Val f1 misinfo 0.9828
EarlyStopping counter: 20 out of 50
Epoch 49 | Train Loss 0.1949 | Train Micro f1 0.9259 | Train Macro f1 0.6093 | Train f1 factual 0.2577 | Train f1 misinfo 0.9610 | Val Loss 0.1783 | Val Micro f1 0.9622 | Val Macro f1 0.5812 | Val f1 factual 0.1818 | Val f1 misinfo 0.9806
EarlyStopping counter: 21 out of 50
Epoch 50 | Train Loss 0.1817 | Train Micro f1 0.9296 | Train Macro f1 0.6412 | Train f1 factual 0.3195 | Train f1 misinfo 0.9629 | Val Loss 0.1881 | Val Micro f1 0.9622 | Val Macro f1 0.5812 | Val f1 factual 0.1818 | Val f1 misinfo 0.9806
EarlyStopping counter: 22 out of 50
Epoch 51 | Train Loss 0.1812 | Train Micro f1 0.9259 | Train Macro f1 0.6225 | Train f1 factual 0.2840 | Train f1 misinfo 0.9610 | Val Loss 0.2013 | Val Micro f1 0.9580 | Val Macro f1 0.5726 | Val f1 factual 0.1667 | Val f1 misinfo 0.9784
EarlyStopping counter: 23 out of 50
Epoch 52 | Train Loss 0.1880 | Train Micro f1 0.9241 | Train Macro f1 0.6392 | Train f1 factual 0.3187 | Train f1 misinfo 0.9598 | Val Loss 0.2060 | Val Micro f1 0.9580 | Val Macro f1 0.5726 | Val f1 factual 0.1667 | Val f1 misinfo 0.9784
EarlyStopping counter: 24 out of 50
Epoch 53 | Train Loss 0.1899 | Train Micro f1 0.9211 | Train Macro f1 0.6341 | Train f1 factual 0.3102 | Train f1 misinfo 0.9581 | Val Loss 0.1976 | Val Micro f1 0.9622 | Val Macro f1 0.5812 | Val f1 factual 0.1818 | Val f1 misinfo 0.9806
EarlyStopping counter: 25 out of 50
Epoch 54 | Train Loss 0.1834 | Train Micro f1 0.9302 | Train Macro f1 0.6649 | Train f1 factual 0.3667 | Train f1 misinfo 0.9631 | Val Loss 0.1847 | Val Micro f1 0.9664 | Val Macro f1 0.5914 | Val f1 factual 0.2000 | Val f1 misinfo 0.9828
EarlyStopping counter: 26 out of 50
Epoch 55 | Train Loss 0.1721 | Train Micro f1 0.9357 | Train Macro f1 0.6830 | Train f1 factual 0.4000 | Train f1 misinfo 0.9661 | Val Loss 0.1759 | Val Micro f1 0.9664 | Val Macro f1 0.5914 | Val f1 factual 0.2000 | Val f1 misinfo 0.9828
EarlyStopping counter: 27 out of 50
Epoch 56 | Train Loss 0.1835 | Train Micro f1 0.9259 | Train Macro f1 0.6048 | Train f1 factual 0.2484 | Train f1 misinfo 0.9611 | Val Loss 0.1741 | Val Micro f1 0.9664 | Val Macro f1 0.5914 | Val f1 factual 0.2000 | Val f1 misinfo 0.9828
EarlyStopping counter: 28 out of 50
Epoch 57 | Train Loss 0.1772 | Train Micro f1 0.9302 | Train Macro f1 0.6383 | Train f1 factual 0.3133 | Train f1 misinfo 0.9632 | Val Loss 0.1807 | Val Micro f1 0.9664 | Val Macro f1 0.5914 | Val f1 factual 0.2000 | Val f1 misinfo 0.9828
EarlyStopping counter: 29 out of 50
Epoch 58 | Train Loss 0.1806 | Train Micro f1 0.9266 | Train Macro f1 0.6358 | Train f1 factual 0.3103 | Train f1 misinfo 0.9612 | Val Loss 0.1918 | Val Micro f1 0.9622 | Val Macro f1 0.5812 | Val f1 factual 0.1818 | Val f1 misinfo 0.9806
EarlyStopping counter: 30 out of 50
Epoch 59 | Train Loss 0.1890 | Train Micro f1 0.9235 | Train Macro f1 0.6306 | Train f1 factual 0.3017 | Train f1 misinfo 0.9595 | Val Loss 0.1959 | Val Micro f1 0.9622 | Val Macro f1 0.5812 | Val f1 factual 0.1818 | Val f1 misinfo 0.9806
EarlyStopping counter: 31 out of 50
Epoch 60 | Train Loss 0.1803 | Train Micro f1 0.9327 | Train Macro f1 0.6833 | Train f1 factual 0.4022 | Train f1 misinfo 0.9643 | Val Loss 0.1979 | Val Micro f1 0.9580 | Val Macro f1 0.5726 | Val f1 factual 0.1667 | Val f1 misinfo 0.9784
EarlyStopping counter: 32 out of 50
Epoch 61 | Train Loss 0.1823 | Train Micro f1 0.9315 | Train Macro f1 0.6808 | Train f1 factual 0.3978 | Train f1 misinfo 0.9637 | Val Loss 0.1941 | Val Micro f1 0.9622 | Val Macro f1 0.5812 | Val f1 factual 0.1818 | Val f1 misinfo 0.9806
EarlyStopping counter: 33 out of 50
Epoch 62 | Train Loss 0.1824 | Train Micro f1 0.9284 | Train Macro f1 0.6614 | Train f1 factual 0.3607 | Train f1 misinfo 0.9621 | Val Loss 0.1875 | Val Micro f1 0.9622 | Val Macro f1 0.5812 | Val f1 factual 0.1818 | Val f1 misinfo 0.9806
EarlyStopping counter: 34 out of 50
Epoch 63 | Train Loss 0.1786 | Train Micro f1 0.9247 | Train Macro f1 0.6546 | Train f1 factual 0.3492 | Train f1 misinfo 0.9601 | Val Loss 0.1773 | Val Micro f1 0.9622 | Val Macro f1 0.5812 | Val f1 factual 0.1818 | Val f1 misinfo 0.9806
EarlyStopping counter: 35 out of 50
Epoch 64 | Train Loss 0.1832 | Train Micro f1 0.9223 | Train Macro f1 0.5947 | Train f1 factual 0.2303 | Train f1 misinfo 0.9591 | Val Loss 0.1729 | Val Micro f1 0.9622 | Val Macro f1 0.5812 | Val f1 factual 0.1818 | Val f1 misinfo 0.9806
EarlyStopping counter: 36 out of 50
Epoch 65 | Train Loss 0.1791 | Train Micro f1 0.9290 | Train Macro f1 0.6361 | Train f1 factual 0.3095 | Train f1 misinfo 0.9626 | Val Loss 0.1800 | Val Micro f1 0.9622 | Val Macro f1 0.5812 | Val f1 factual 0.1818 | Val f1 misinfo 0.9806
EarlyStopping counter: 37 out of 50
Epoch 66 | Train Loss 0.1813 | Train Micro f1 0.9370 | Train Macro f1 0.6924 | Train f1 factual 0.4181 | Train f1 misinfo 0.9667 | Val Loss 0.1922 | Val Micro f1 0.9580 | Val Macro f1 0.5726 | Val f1 factual 0.1667 | Val f1 misinfo 0.9784
EarlyStopping counter: 38 out of 50
Epoch 67 | Train Loss 0.1845 | Train Micro f1 0.9204 | Train Macro f1 0.6294 | Train f1 factual 0.3011 | Train f1 misinfo 0.9578 | Val Loss 0.1971 | Val Micro f1 0.9580 | Val Macro f1 0.5726 | Val f1 factual 0.1667 | Val f1 misinfo 0.9784
EarlyStopping counter: 39 out of 50
Epoch 68 | Train Loss 0.1752 | Train Micro f1 0.9327 | Train Macro f1 0.6957 | Train f1 factual 0.4271 | Train f1 misinfo 0.9642 | Val Loss 0.1966 | Val Micro f1 0.9580 | Val Macro f1 0.5726 | Val f1 factual 0.1667 | Val f1 misinfo 0.9784
EarlyStopping counter: 40 out of 50
Epoch 69 | Train Loss 0.1788 | Train Micro f1 0.9339 | Train Macro f1 0.6825 | Train f1 factual 0.4000 | Train f1 misinfo 0.9650 | Val Loss 0.1932 | Val Micro f1 0.9622 | Val Macro f1 0.5812 | Val f1 factual 0.1818 | Val f1 misinfo 0.9806
EarlyStopping counter: 41 out of 50
Epoch 70 | Train Loss 0.1727 | Train Micro f1 0.9290 | Train Macro f1 0.6479 | Train f1 factual 0.3333 | Train f1 misinfo 0.9625 | Val Loss 0.1925 | Val Micro f1 0.9622 | Val Macro f1 0.5812 | Val f1 factual 0.1818 | Val f1 misinfo 0.9806
EarlyStopping counter: 42 out of 50
Epoch 71 | Train Loss 0.1815 | Train Micro f1 0.9333 | Train Macro f1 0.6779 | Train f1 factual 0.3911 | Train f1 misinfo 0.9647 | Val Loss 0.1965 | Val Micro f1 0.9622 | Val Macro f1 0.5812 | Val f1 factual 0.1818 | Val f1 misinfo 0.9806
EarlyStopping counter: 43 out of 50
Epoch 72 | Train Loss 0.1727 | Train Micro f1 0.9302 | Train Macro f1 0.6613 | Train f1 factual 0.3596 | Train f1 misinfo 0.9631 | Val Loss 0.2041 | Val Micro f1 0.9580 | Val Macro f1 0.5726 | Val f1 factual 0.1667 | Val f1 misinfo 0.9784
EarlyStopping counter: 44 out of 50
Epoch 73 | Train Loss 0.1783 | Train Micro f1 0.9315 | Train Macro f1 0.6708 | Train f1 factual 0.3778 | Train f1 misinfo 0.9637 | Val Loss 0.2128 | Val Micro f1 0.9580 | Val Macro f1 0.5726 | Val f1 factual 0.1667 | Val f1 misinfo 0.9784
EarlyStopping counter: 45 out of 50
Epoch 74 | Train Loss 0.1775 | Train Micro f1 0.9327 | Train Macro f1 0.6957 | Train f1 factual 0.4271 | Train f1 misinfo 0.9642 | Val Loss 0.2163 | Val Micro f1 0.9538 | Val Macro f1 0.5650 | Val f1 factual 0.1538 | Val f1 misinfo 0.9762
EarlyStopping counter: 46 out of 50
Epoch 75 | Train Loss 0.1760 | Train Micro f1 0.9315 | Train Macro f1 0.6931 | Train f1 factual 0.4227 | Train f1 misinfo 0.9636 | Val Loss 0.2101 | Val Micro f1 0.9580 | Val Macro f1 0.5726 | Val f1 factual 0.1667 | Val f1 misinfo 0.9784
EarlyStopping counter: 47 out of 50
Epoch 76 | Train Loss 0.1745 | Train Micro f1 0.9339 | Train Macro f1 0.7069 | Train f1 factual 0.4490 | Train f1 misinfo 0.9648 | Val Loss 0.1948 | Val Micro f1 0.9622 | Val Macro f1 0.5812 | Val f1 factual 0.1818 | Val f1 misinfo 0.9806
EarlyStopping counter: 48 out of 50
Epoch 77 | Train Loss 0.1754 | Train Micro f1 0.9229 | Train Macro f1 0.6372 | Train f1 factual 0.3152 | Train f1 misinfo 0.9591 | Val Loss 0.1894 | Val Micro f1 0.9622 | Val Macro f1 0.5812 | Val f1 factual 0.1818 | Val f1 misinfo 0.9806
EarlyStopping counter: 49 out of 50
Epoch 78 | Train Loss 0.1740 | Train Micro f1 0.9247 | Train Macro f1 0.6326 | Train f1 factual 0.3051 | Train f1 misinfo 0.9602 | Val Loss 0.1931 | Val Micro f1 0.9622 | Val Macro f1 0.5812 | Val f1 factual 0.1818 | Val f1 misinfo 0.9806
EarlyStopping counter: 50 out of 50
Epoch 79 | Train Loss 0.1674 | Train Micro f1 0.9296 | Train Macro f1 0.6705 | Train f1 factual 0.3784 | Train f1 misinfo 0.9627 | Val Loss 0.1998 | Val Micro f1 0.9622 | Val Macro f1 0.5812 | Val f1 factual 0.1818 | Val f1 misinfo 0.9806
Test loss 0.2184 | Test Micro f1 0.9430 | Test Macro f1 0.4853 | Test f1 factual 0.0000 | Test f1 misinfo 0.9707
---------------------------------------
Begin PBS Epilogue Tue Apr 26 15:56:03 EDT 2022
Job ID:     371685.sched-coc-ice.pace.gatech.edu
User ID:    yma473
Job name:   claim_han
Resources:  nodes=1:ppn=6:gpus=1,pmem=16gb,walltime=02:00:00,neednodes=1:ppn=6:gpus=1
Rsrc Used:  cput=00:00:22,vmem=0kb,walltime=00:00:25,mem=0kb,energy_used=0
Queue:      coc-ice-gpu
Nodes:     
atl1-1-01-002-1.pace.gatech.edu
End PBS Epilogue Tue Apr 26 15:56:03 EDT 2022
---------------------------------------
